<?xml version="1.0" encoding="UTF-8"?>
<!-- Generated by org.testng.reporters.JUnitXMLReporter -->
<testsuite ignored="0" hostname="Vanli" failures="0" tests="5" name="Test" time="57.011" errors="0" timestamp="2020-01-14T17:44:17 CST">
  <testcase classname="com.class02.SoftAssertionDemo" name="logoAndLogin" time="2.441"/>
  <testcase classname="com.class02.AssertionsDemo" name="titleValidation" time="0.01"/>
  <testcase classname="com.class02.AssertionsDemo" name="validateLogin" time="3.111"/>
  <testcase classname="com.class02.AssertionsDemo" name="validateLogo" time="0.054"/>
  <testcase classname="com.class01.TestNGDemo" name="method1" time="0.001"/>
</testsuite> <!-- Test -->
