<?xml version="1.0" encoding="UTF-8"?>
<!-- Generated by org.testng.reporters.JUnitXMLReporter -->
<testsuite hostname="MSI" ignored="0" name="Default test" tests="3" failures="0" timestamp="2020-01-18T08:32:10 CST" time="40.674" errors="0">
  <testcase name="titleValidation" time="0.018" classname="com.class02.AssertionsDemo"/>
  <testcase name="validateLogin" time="2.219" classname="com.class02.AssertionsDemo"/>
  <testcase name="validateLogo" time="0.07" classname="com.class02.AssertionsDemo"/>
</testsuite> <!-- Default test -->
